Apr 14, 2017 12:09:14 PM ippoz.madness.lite.support.AppLogger log
INFO: [Info][ippoz.madness.lite.experiment.ExperimentSetup] Executing 2 experiments
Apr 14, 2017 12:09:14 PM ippoz.madness.lite.support.AppLogger log
INFO: [Info][ippoz.madness.lite.experiment.ExperimentSetup$2] Experiment 1: STARTED
Apr 14, 2017 12:09:20 PM ippoz.madness.lite.support.AppLogger log
INFO: [Info][ippoz.madness.lite.experiment.runner.ShellExperiment] StartEnd
Apr 14, 2017 12:09:20 PM ippoz.madness.lite.support.AppLogger log
INFO: [Info][ippoz.madness.lite.experiment.runner.ShellExperiment] Command executed for 5188 ms
Apr 14, 2017 12:09:20 PM ippoz.madness.lite.support.AppLogger log
INFO: [Info][ippoz.madness.lite.experiment.ExperimentSetup$2] Experiment 1: FINISHED (26)
Apr 14, 2017 12:09:20 PM ippoz.madness.lite.support.AppLogger log
INFO: [Info][ippoz.madness.lite.experiment.ExperimentSetup$2] Experiment 2: STARTED
Apr 14, 2017 12:09:25 PM ippoz.madness.lite.support.AppLogger log
INFO: [Info][ippoz.madness.lite.experiment.runner.ShellExperiment] StartEnd
Apr 14, 2017 12:09:25 PM ippoz.madness.lite.support.AppLogger log
INFO: [Info][ippoz.madness.lite.experiment.runner.ShellExperiment] Command executed for 5130 ms
Apr 14, 2017 12:09:25 PM ippoz.madness.lite.support.AppLogger log
INFO: [Info][ippoz.madness.lite.experiment.ExperimentSetup$2] Experiment 2: FINISHED (26)
Apr 14, 2017 12:09:25 PM ippoz.madness.lite.support.AppLogger log
INFO: [Info][ippoz.madness.lite.support.ZipUtils] Zipping Completed
Apr 14, 2017 12:09:25 PM ippoz.madness.lite.support.AppLogger log
INFO: [Info][ippoz.madness.lite.experiment.ExperimentSetup$2] Stored Data
